{"name":"Agregar artículos al carrito de compras","id":"realizar-compras-de-artículos;agregar-artículos-al-carrito-de-compras","testSteps":[{"number":1,"description":"Dado (precondiciones) que un nuevo cliente Arturo accede hasta la web de compras","duration":20271,"startTime":"2021-08-20T13:51:33.400-05:00[America/Bogota]","screenshots":[{"screenshot":"cd5aeffbe8d2b8440e4770994e98c6556831e0e1f135c1396a0095ff9a22fd22.png","timeStamp":1629485513671}],"result":"SUCCESS","precondition":false,"level":0,"children":[{"number":2,"description":"Global opens the Home page","duration":19603,"startTime":"2021-08-20T13:51:34.061-05:00[America/Bogota]","screenshots":[{"screenshot":"cd5aeffbe8d2b8440e4770994e98c6556831e0e1f135c1396a0095ff9a22fd22.png","timeStamp":1629485513664}],"result":"SUCCESS","precondition":false,"level":1}]},{"number":3,"description":"Cuando el agrega 3 prendas, dresses al carro","duration":5896,"startTime":"2021-08-20T13:51:53.672-05:00[America/Bogota]","screenshots":[{"screenshot":"cd5aeffbe8d2b8440e4770994e98c6556831e0e1f135c1396a0095ff9a22fd22.png","timeStamp":1629485513673}],"exception":{"errorType":"net.thucydides.core.webdriver.exceptions.ElementShouldBeEnabledException","message":"Expected enabled element was not enabled","stackTrace":[{"declaringClass":"tasks.BuscarProducto","methodName":"performAs","fileName":"BuscarProducto.java","lineNumber":29},{"declaringClass":"stepdefinitions.EjemploStepDefinitions","methodName":"elAgregaUnProductoAlCarro","fileName":"EjemploStepDefinitions.java","lineNumber":33},{"declaringClass":"cucumber.runner.Runner","methodName":"runPickle","fileName":"Runner.java","lineNumber":80}],"rootCause":{"errorType":"org.openqa.selenium.TimeoutException","message":"Expected condition failed: waiting for By.cssSelector:  to be enabled (tried for 5 second(s) with 100 milliseconds interval)","stackTrace":[{"declaringClass":"tasks.BuscarProducto","methodName":"performAs","fileName":"BuscarProducto.java","lineNumber":29},{"declaringClass":"stepdefinitions.EjemploStepDefinitions","methodName":"elAgregaUnProductoAlCarro","fileName":"EjemploStepDefinitions.java","lineNumber":33},{"declaringClass":"cucumber.runner.Runner","methodName":"runPickle","fileName":"Runner.java","lineNumber":80}],"rootCause":{"errorType":"org.openqa.selenium.InvalidSelectorException","message":"invalid selector: No selector specified\n  (Session info: chrome\u003d92.0.4515.159)\nFor documentation on this error, please visit: https://www.seleniumhq.org/exceptions/invalid_selector_exception.html\nBuild info: version: \u00273.141.59\u0027, revision: \u0027e82be7d358\u0027, time: \u00272018-11-14T08:17:03\u0027\nSystem info: host: \u0027SAMMY\u0027, ip: \u0027192.168.0.19\u0027, os.name: \u0027Windows 10\u0027, os.arch: \u0027amd64\u0027, os.version: \u002710.0\u0027, java.version: \u00271.8.0_301\u0027\nDriver info: org.openqa.selenium.chrome.ChromeDriver\nCapabilities {acceptInsecureCerts: false, browserName: chrome, browserVersion: 92.0.4515.159, chrome: {chromedriverVersion: 92.0.4515.107 (87a818b10553..., userDataDir: C:\\Users\\Usuario\\AppData\\Lo...}, goog:chromeOptions: {debuggerAddress: localhost:57236}, javascriptEnabled: true, networkConnectionEnabled: false, pageLoadStrategy: normal, platform: WINDOWS, platformName: WINDOWS, proxy: Proxy(), setWindowRect: true, strictFileInteractability: false, timeouts: {implicit: 0, pageLoad: 300000, script: 30000}, unhandledPromptBehavior: dismiss and notify, webauthn:extension:credBlob: true, webauthn:extension:largeBlob: true, webauthn:virtualAuthenticators: true}\nSession ID: 17d65ce676026cfb253425395d757529\n*** Element info: {Using\u003dcss selector, value\u003d}","stackTrace":[{"declaringClass":"tasks.BuscarProducto","methodName":"performAs","fileName":"BuscarProducto.java","lineNumber":29},{"declaringClass":"stepdefinitions.EjemploStepDefinitions","methodName":"elAgregaUnProductoAlCarro","fileName":"EjemploStepDefinitions.java","lineNumber":33},{"declaringClass":"cucumber.runner.Runner","methodName":"runPickle","fileName":"Runner.java","lineNumber":80}]}}},"result":"FAILURE","precondition":false,"level":0,"children":[{"number":4,"description":"Global buscar producto","duration":5825,"startTime":"2021-08-20T13:51:53.739-05:00[America/Bogota]","screenshots":[{"screenshot":"cd5aeffbe8d2b8440e4770994e98c6556831e0e1f135c1396a0095ff9a22fd22.png","timeStamp":1629485514049}],"exception":{"errorType":"net.thucydides.core.webdriver.exceptions.ElementShouldBeEnabledException","message":"Expected enabled element was not enabled","stackTrace":[{"declaringClass":"tasks.BuscarProducto","methodName":"performAs","fileName":"BuscarProducto.java","lineNumber":29},{"declaringClass":"stepdefinitions.EjemploStepDefinitions","methodName":"elAgregaUnProductoAlCarro","fileName":"EjemploStepDefinitions.java","lineNumber":33},{"declaringClass":"cucumber.runner.Runner","methodName":"runPickle","fileName":"Runner.java","lineNumber":80}],"rootCause":{"errorType":"org.openqa.selenium.TimeoutException","message":"Expected condition failed: waiting for By.cssSelector:  to be enabled (tried for 5 second(s) with 100 milliseconds interval)","stackTrace":[{"declaringClass":"tasks.BuscarProducto","methodName":"performAs","fileName":"BuscarProducto.java","lineNumber":29},{"declaringClass":"stepdefinitions.EjemploStepDefinitions","methodName":"elAgregaUnProductoAlCarro","fileName":"EjemploStepDefinitions.java","lineNumber":33},{"declaringClass":"cucumber.runner.Runner","methodName":"runPickle","fileName":"Runner.java","lineNumber":80}],"rootCause":{"errorType":"org.openqa.selenium.InvalidSelectorException","message":"invalid selector: No selector specified\n  (Session info: chrome\u003d92.0.4515.159)\nFor documentation on this error, please visit: https://www.seleniumhq.org/exceptions/invalid_selector_exception.html\nBuild info: version: \u00273.141.59\u0027, revision: \u0027e82be7d358\u0027, time: \u00272018-11-14T08:17:03\u0027\nSystem info: host: \u0027SAMMY\u0027, ip: \u0027192.168.0.19\u0027, os.name: \u0027Windows 10\u0027, os.arch: \u0027amd64\u0027, os.version: \u002710.0\u0027, java.version: \u00271.8.0_301\u0027\nDriver info: org.openqa.selenium.chrome.ChromeDriver\nCapabilities {acceptInsecureCerts: false, browserName: chrome, browserVersion: 92.0.4515.159, chrome: {chromedriverVersion: 92.0.4515.107 (87a818b10553..., userDataDir: C:\\Users\\Usuario\\AppData\\Lo...}, goog:chromeOptions: {debuggerAddress: localhost:57236}, javascriptEnabled: true, networkConnectionEnabled: false, pageLoadStrategy: normal, platform: WINDOWS, platformName: WINDOWS, proxy: Proxy(), setWindowRect: true, strictFileInteractability: false, timeouts: {implicit: 0, pageLoad: 300000, script: 30000}, unhandledPromptBehavior: dismiss and notify, webauthn:extension:credBlob: true, webauthn:extension:largeBlob: true, webauthn:virtualAuthenticators: true}\nSession ID: 17d65ce676026cfb253425395d757529\n*** Element info: {Using\u003dcss selector, value\u003d}","stackTrace":[{"declaringClass":"tasks.BuscarProducto","methodName":"performAs","fileName":"BuscarProducto.java","lineNumber":29},{"declaringClass":"stepdefinitions.EjemploStepDefinitions","methodName":"elAgregaUnProductoAlCarro","fileName":"EjemploStepDefinitions.java","lineNumber":33},{"declaringClass":"cucumber.runner.Runner","methodName":"runPickle","fileName":"Runner.java","lineNumber":80}]}}},"result":"FAILURE","precondition":false,"level":1,"children":[{"number":5,"description":"Global enters \u0027dresses\u0027 into ","duration":5466,"startTime":"2021-08-20T13:51:54.095-05:00[America/Bogota]","screenshots":[{"screenshot":"edb8dea5abfbec803431e3b5252b64620bfea8a20450335eb9049d7fcb0241f9.png","htmlSource":"pagesource1054748898118804792.html.txt","timeStamp":1629485519555}],"exception":{"errorType":"net.thucydides.core.webdriver.exceptions.ElementShouldBeEnabledException","message":"Expected enabled element was not enabled","stackTrace":[{"declaringClass":"tasks.BuscarProducto","methodName":"performAs","fileName":"BuscarProducto.java","lineNumber":29},{"declaringClass":"stepdefinitions.EjemploStepDefinitions","methodName":"elAgregaUnProductoAlCarro","fileName":"EjemploStepDefinitions.java","lineNumber":33},{"declaringClass":"cucumber.runner.Runner","methodName":"runPickle","fileName":"Runner.java","lineNumber":80}],"rootCause":{"errorType":"org.openqa.selenium.TimeoutException","message":"Expected condition failed: waiting for By.cssSelector:  to be enabled (tried for 5 second(s) with 100 milliseconds interval)","stackTrace":[{"declaringClass":"tasks.BuscarProducto","methodName":"performAs","fileName":"BuscarProducto.java","lineNumber":29},{"declaringClass":"stepdefinitions.EjemploStepDefinitions","methodName":"elAgregaUnProductoAlCarro","fileName":"EjemploStepDefinitions.java","lineNumber":33},{"declaringClass":"cucumber.runner.Runner","methodName":"runPickle","fileName":"Runner.java","lineNumber":80}],"rootCause":{"errorType":"org.openqa.selenium.InvalidSelectorException","message":"invalid selector: No selector specified\n  (Session info: chrome\u003d92.0.4515.159)\nFor documentation on this error, please visit: https://www.seleniumhq.org/exceptions/invalid_selector_exception.html\nBuild info: version: \u00273.141.59\u0027, revision: \u0027e82be7d358\u0027, time: \u00272018-11-14T08:17:03\u0027\nSystem info: host: \u0027SAMMY\u0027, ip: \u0027192.168.0.19\u0027, os.name: \u0027Windows 10\u0027, os.arch: \u0027amd64\u0027, os.version: \u002710.0\u0027, java.version: \u00271.8.0_301\u0027\nDriver info: org.openqa.selenium.chrome.ChromeDriver\nCapabilities {acceptInsecureCerts: false, browserName: chrome, browserVersion: 92.0.4515.159, chrome: {chromedriverVersion: 92.0.4515.107 (87a818b10553..., userDataDir: C:\\Users\\Usuario\\AppData\\Lo...}, goog:chromeOptions: {debuggerAddress: localhost:57236}, javascriptEnabled: true, networkConnectionEnabled: false, pageLoadStrategy: normal, platform: WINDOWS, platformName: WINDOWS, proxy: Proxy(), setWindowRect: true, strictFileInteractability: false, timeouts: {implicit: 0, pageLoad: 300000, script: 30000}, unhandledPromptBehavior: dismiss and notify, webauthn:extension:credBlob: true, webauthn:extension:largeBlob: true, webauthn:virtualAuthenticators: true}\nSession ID: 17d65ce676026cfb253425395d757529\n*** Element info: {Using\u003dcss selector, value\u003d}","stackTrace":[{"declaringClass":"tasks.BuscarProducto","methodName":"performAs","fileName":"BuscarProducto.java","lineNumber":29},{"declaringClass":"stepdefinitions.EjemploStepDefinitions","methodName":"elAgregaUnProductoAlCarro","fileName":"EjemploStepDefinitions.java","lineNumber":33},{"declaringClass":"cucumber.runner.Runner","methodName":"runPickle","fileName":"Runner.java","lineNumber":80}]}}},"result":"FAILURE","precondition":false,"level":2}]}]},{"number":6,"description":"Entonces el ve los productos listado en el carro de compras","duration":3,"startTime":"2021-08-20T13:51:59.585-05:00[America/Bogota]","result":"SKIPPED","precondition":false,"level":0}],"userStory":{"id":"realizar-compras-de-artículos","storyName":"Realizar compras de artículos","path":"src/test/resources/features/EjemploGlobal.feature","narrative":"  Como un nuevo cliente\n  Quiero ingresar a la página www.automationpractice.com\n  Para realizar una compra de un artículo","type":"feature"},"featureTag":{"name":"Features/Realizar compras de artículos","type":"feature","displayName":"Features/Realizar compras de artículos"},"title":"Agregar artículos al carrito de compras","backgroundTitle":"","backgroundDescription":"","tags":[{"name":"Realizar compras de artículos","type":"feature","displayName":"Realizar compras de artículos"},{"name":"EscenarioSinEjemplos","type":"tag","displayName":"EscenarioSinEjemplos"}],"startTime":"2021-08-20T13:51:33.287-05:00[America/Bogota]","duration":26302,"testFailureCause":{"errorType":"net.thucydides.core.webdriver.exceptions.ElementShouldBeEnabledException","message":"Expected enabled element was not enabled","stackTrace":[{"declaringClass":"tasks.BuscarProducto","methodName":"performAs","fileName":"BuscarProducto.java","lineNumber":29},{"declaringClass":"stepdefinitions.EjemploStepDefinitions","methodName":"elAgregaUnProductoAlCarro","fileName":"EjemploStepDefinitions.java","lineNumber":33},{"declaringClass":"cucumber.runner.Runner","methodName":"runPickle","fileName":"Runner.java","lineNumber":80}],"rootCause":{"errorType":"org.openqa.selenium.TimeoutException","message":"Expected condition failed: waiting for By.cssSelector:  to be enabled (tried for 5 second(s) with 100 milliseconds interval)","stackTrace":[{"declaringClass":"tasks.BuscarProducto","methodName":"performAs","fileName":"BuscarProducto.java","lineNumber":29},{"declaringClass":"stepdefinitions.EjemploStepDefinitions","methodName":"elAgregaUnProductoAlCarro","fileName":"EjemploStepDefinitions.java","lineNumber":33},{"declaringClass":"cucumber.runner.Runner","methodName":"runPickle","fileName":"Runner.java","lineNumber":80}],"rootCause":{"errorType":"org.openqa.selenium.InvalidSelectorException","message":"invalid selector: No selector specified\n  (Session info: chrome\u003d92.0.4515.159)\nFor documentation on this error, please visit: https://www.seleniumhq.org/exceptions/invalid_selector_exception.html\nBuild info: version: \u00273.141.59\u0027, revision: \u0027e82be7d358\u0027, time: \u00272018-11-14T08:17:03\u0027\nSystem info: host: \u0027SAMMY\u0027, ip: \u0027192.168.0.19\u0027, os.name: \u0027Windows 10\u0027, os.arch: \u0027amd64\u0027, os.version: \u002710.0\u0027, java.version: \u00271.8.0_301\u0027\nDriver info: org.openqa.selenium.chrome.ChromeDriver\nCapabilities {acceptInsecureCerts: false, browserName: chrome, browserVersion: 92.0.4515.159, chrome: {chromedriverVersion: 92.0.4515.107 (87a818b10553..., userDataDir: C:\\Users\\Usuario\\AppData\\Lo...}, goog:chromeOptions: {debuggerAddress: localhost:57236}, javascriptEnabled: true, networkConnectionEnabled: false, pageLoadStrategy: normal, platform: WINDOWS, platformName: WINDOWS, proxy: Proxy(), setWindowRect: true, strictFileInteractability: false, timeouts: {implicit: 0, pageLoad: 300000, script: 30000}, unhandledPromptBehavior: dismiss and notify, webauthn:extension:credBlob: true, webauthn:extension:largeBlob: true, webauthn:virtualAuthenticators: true}\nSession ID: 17d65ce676026cfb253425395d757529\n*** Element info: {Using\u003dcss selector, value\u003d}","stackTrace":[{"declaringClass":"tasks.BuscarProducto","methodName":"performAs","fileName":"BuscarProducto.java","lineNumber":29},{"declaringClass":"stepdefinitions.EjemploStepDefinitions","methodName":"elAgregaUnProductoAlCarro","fileName":"EjemploStepDefinitions.java","lineNumber":33},{"declaringClass":"cucumber.runner.Runner","methodName":"runPickle","fileName":"Runner.java","lineNumber":80}]}}},"testFailureClassname":"net.thucydides.core.webdriver.exceptions.ElementShouldBeEnabledException","testFailureMessage":"Expected enabled element was not enabled","testFailureSummary":"FAILURE;net.thucydides.core.webdriver.exceptions.ElementShouldBeEnabledException;Expected enabled element was not enabled;BuscarProducto.java","projectKey":"","annotatedResult":"FAILURE","sessionId":"17d65ce676026cfb253425395d757529","driver":"chrome","isManualTestingUpToDate":false,"manual":false,"testSource":"Cucumber","actors":[{"name":"Global","can":["browse the web"]}],"result":"FAILURE"}